--- New Try-On Request: static/uploads\test_person.jpg ---
Src Quad: [[189. 220.]
 [ 76. 219.]
 [ 96. 365.]
 [159. 364.]]
Dst Quad: [[1103. 1203.]
 [ 174. 1121.]
 [ 364. 2696.]
 [ 950. 2725.]]
--- New Try-On Request: static/uploads\test_person.jpg ---
Src Quad: [[193.  92.]
 [129.  89.]
 [146. 187.]
 [181. 186.]]
Dst Quad: [[1103. 1203.]
 [ 174. 1121.]
 [ 364. 2696.]
 [ 950. 2725.]]
--- New Try-On Request: static/uploads\test_torso.jpg ---
Src Quad: [[189. 220.]
 [ 76. 219.]
 [ 96. 365.]
 [159. 364.]]
Dst Quad: [[1423. 1564.]
 [ 578. 1584.]
 [ 773. 2666.]
 [1264. 2653.]]
